This file contains any messages produced by compilers while
running configure, to aid debugging if configure makes a mistake.

It was created by amrepl configure 1.0, which was
generated by GNU Autoconf 2.69.  Invocation command line was

  $ ./configure 

## --------- ##
## Platform. ##
## --------- ##

hostname = weijiedembp
uname -m = x86_64
uname -r = 17.7.0
uname -s = Darwin
uname -v = Darwin Kernel Version 17.7.0: Thu Jun 21 22:53:14 PDT 2018; root:xnu-4570.71.2~1/RELEASE_X86_64

/usr/bin/uname -p = i386
/bin/uname -X     = unknown

/bin/arch              = unknown
/usr/bin/arch -k       = unknown
/usr/convex/getsysinfo = unknown
/usr/bin/hostinfo      = Mach kernel version:
	 Darwin Kernel Version 17.7.0: Thu Jun 21 22:53:14 PDT 2018; root:xnu-4570.71.2~1/RELEASE_X86_64
Kernel configured for up to 8 processors.
4 processors are physically available.
8 processors are logically available.
Processor type: i486 (Intel 80486)
Processors active: 0 1 2 3 4 5 6 7
Primary memory available: 12.00 gigabytes
Default processor set: 376 tasks, 1805 threads, 8 processors
Load average: 1.68, Mach factor: 6.31
/bin/machine           = unknown
/usr/bin/oslevel       = unknown
/bin/universe          = unknown

PATH: /Users/weijiezhu/opt/anaconda3/bin
PATH: /Users/weijiezhu/opt/anaconda3/condabin
PATH: /usr/local/opt/openssl@1.1/bin
PATH: /Users/weijiezhu/opt/anaconda3/bin
PATH: /Library/Frameworks/Python.framework/Versions/3.8/bin
PATH: /usr/local/bin
PATH: /usr/bin
PATH: /bin
PATH: /usr/sbin
PATH: /sbin


## ----------- ##
## Core tests. ##
## ----------- ##

configure:2183: checking for a BSD-compatible install
configure:2251: result: /usr/bin/install -c
configure:2262: checking whether build environment is sane
configure:2317: result: yes
configure:2468: checking for a thread-safe mkdir -p
configure:2507: result: ./install-sh -c -d
configure:2514: checking for gawk
configure:2544: result: no
configure:2514: checking for mawk
configure:2544: result: no
configure:2514: checking for nawk
configure:2544: result: no
configure:2514: checking for awk
configure:2530: found /usr/bin/awk
configure:2541: result: awk
configure:2552: checking whether make sets $(MAKE)
configure:2574: result: yes
configure:2603: checking whether make supports nested variables
configure:2620: result: yes
configure:2799: checking for gcc
configure:2815: found /usr/bin/gcc
configure:2826: result: gcc
configure:3055: checking for C compiler version
configure:3064: gcc --version >&5
Apple LLVM version 9.1.0 (clang-902.0.39.1)
Target: x86_64-apple-darwin17.7.0
Thread model: posix
InstalledDir: /Library/Developer/CommandLineTools/usr/bin
Configured with: --prefix=/Library/Developer/CommandLineTools/usr --with-gxx-include-dir=/usr/include/c++/4.2.1
configure:3075: $? = 0
configure:3064: gcc -v >&5
Configured with: --prefix=/Library/Developer/CommandLineTools/usr --with-gxx-include-dir=/usr/include/c++/4.2.1
Apple LLVM version 9.1.0 (clang-902.0.39.1)
Target: x86_64-apple-darwin17.7.0
Thread model: posix
InstalledDir: /Library/Developer/CommandLineTools/usr/bin
configure:3075: $? = 0
configure:3064: gcc -V >&5
clang: error: argument to '-V' is missing (expected 1 value)
clang: error: no input files
configure:3075: $? = 1
configure:3064: gcc -qversion >&5
clang: error: unknown argument: '-qversion'
clang: error: no input files
configure:3075: $? = 1
configure:3095: checking whether the C compiler works
configure:3117: gcc    conftest.c  >&5
configure:3121: $? = 0
configure:3169: result: yes
configure:3172: checking for C compiler default output file name
configure:3174: result: a.out
configure:3180: checking for suffix of executables
configure:3187: gcc -o conftest    conftest.c  >&5
configure:3191: $? = 0
configure:3213: result: 
configure:3235: checking whether we are cross compiling
configure:3243: gcc -o conftest    conftest.c  >&5
configure:3247: $? = 0
configure:3254: ./conftest
configure:3258: $? = 0
configure:3273: result: no
configure:3278: checking for suffix of object files
configure:3300: gcc -c   conftest.c >&5
configure:3304: $? = 0
configure:3325: result: o
configure:3329: checking whether we are using the GNU C compiler
configure:3348: gcc -c   conftest.c >&5
configure:3348: $? = 0
configure:3357: result: yes
configure:3366: checking whether gcc accepts -g
configure:3386: gcc -c -g  conftest.c >&5
configure:3386: $? = 0
configure:3427: result: yes
configure:3444: checking for gcc option to accept ISO C89
configure:3507: gcc  -c -g -O2  conftest.c >&5
configure:3507: $? = 0
configure:3520: result: none needed
configure:3545: checking whether gcc understands -c and -o together
configure:3567: gcc -c conftest.c -o conftest2.o
configure:3570: $? = 0
configure:3567: gcc -c conftest.c -o conftest2.o
configure:3570: $? = 0
configure:3582: result: yes
configure:3602: checking whether make supports the include directive
configure:3617: make -f confmf.GNU && cat confinc.out
this is the am__doit target
configure:3620: $? = 0
configure:3639: result: yes (GNU style)
configure:3664: checking dependency style of gcc
configure:3775: result: gcc3
configure:3800: checking how to run the C preprocessor
configure:3831: gcc -E  conftest.c
configure:3831: $? = 0
configure:3845: gcc -E  conftest.c
conftest.c:11:10: fatal error: 'ac_nonexistent.h' file not found
#include <ac_nonexistent.h>
         ^~~~~~~~~~~~~~~~~~
1 error generated.
configure:3845: $? = 1
configure: failed program was:
| /* confdefs.h */
| #define PACKAGE_NAME "amrepl"
| #define PACKAGE_TARNAME "amrepl"
| #define PACKAGE_VERSION "1.0"
| #define PACKAGE_STRING "amrepl 1.0"
| #define PACKAGE_BUGREPORT "453479002@qq.com"
| #define PACKAGE_URL ""
| #define PACKAGE "amrepl"
| #define VERSION "1.0"
| /* end confdefs.h.  */
| #include <ac_nonexistent.h>
configure:3870: result: gcc -E
configure:3890: gcc -E  conftest.c
configure:3890: $? = 0
configure:3904: gcc -E  conftest.c
conftest.c:11:10: fatal error: 'ac_nonexistent.h' file not found
#include <ac_nonexistent.h>
         ^~~~~~~~~~~~~~~~~~
1 error generated.
configure:3904: $? = 1
configure: failed program was:
| /* confdefs.h */
| #define PACKAGE_NAME "amrepl"
| #define PACKAGE_TARNAME "amrepl"
| #define PACKAGE_VERSION "1.0"
| #define PACKAGE_STRING "amrepl 1.0"
| #define PACKAGE_BUGREPORT "453479002@qq.com"
| #define PACKAGE_URL ""
| #define PACKAGE "amrepl"
| #define VERSION "1.0"
| /* end confdefs.h.  */
| #include <ac_nonexistent.h>
configure:3933: checking for grep that handles long lines and -e
configure:3991: result: /usr/bin/grep
configure:3996: checking for egrep
configure:4058: result: /usr/bin/grep -E
configure:4063: checking for ANSI C header files
configure:4083: gcc -c -g -O2  conftest.c >&5
configure:4083: $? = 0
configure:4156: gcc -o conftest -g -O2   conftest.c  >&5
configure:4156: $? = 0
configure:4156: ./conftest
configure:4156: $? = 0
configure:4167: result: yes
configure:4180: checking for sys/types.h
configure:4180: gcc -c -g -O2  conftest.c >&5
configure:4180: $? = 0
configure:4180: result: yes
configure:4180: checking for sys/stat.h
configure:4180: gcc -c -g -O2  conftest.c >&5
configure:4180: $? = 0
configure:4180: result: yes
configure:4180: checking for stdlib.h
configure:4180: gcc -c -g -O2  conftest.c >&5
configure:4180: $? = 0
configure:4180: result: yes
configure:4180: checking for string.h
configure:4180: gcc -c -g -O2  conftest.c >&5
configure:4180: $? = 0
configure:4180: result: yes
configure:4180: checking for memory.h
configure:4180: gcc -c -g -O2  conftest.c >&5
configure:4180: $? = 0
configure:4180: result: yes
configure:4180: checking for strings.h
configure:4180: gcc -c -g -O2  conftest.c >&5
configure:4180: $? = 0
configure:4180: result: yes
configure:4180: checking for inttypes.h
configure:4180: gcc -c -g -O2  conftest.c >&5
configure:4180: $? = 0
configure:4180: result: yes
configure:4180: checking for stdint.h
configure:4180: gcc -c -g -O2  conftest.c >&5
configure:4180: $? = 0
configure:4180: result: yes
configure:4180: checking for unistd.h
configure:4180: gcc -c -g -O2  conftest.c >&5
configure:4180: $? = 0
configure:4180: result: yes
configure:4195: checking for stdint.h
configure:4195: result: yes
configure:4195: checking for stdlib.h
configure:4195: result: yes
configure:4195: checking for string.h
configure:4195: result: yes
configure:4207: checking for size_t
configure:4207: gcc -c -g -O2  conftest.c >&5
configure:4207: $? = 0
configure:4207: gcc -c -g -O2  conftest.c >&5
conftest.c:60:21: error: expected expression
if (sizeof ((size_t)))
                    ^
1 error generated.
configure:4207: $? = 1
configure: failed program was:
| /* confdefs.h */
| #define PACKAGE_NAME "amrepl"
| #define PACKAGE_TARNAME "amrepl"
| #define PACKAGE_VERSION "1.0"
| #define PACKAGE_STRING "amrepl 1.0"
| #define PACKAGE_BUGREPORT "453479002@qq.com"
| #define PACKAGE_URL ""
| #define PACKAGE "amrepl"
| #define VERSION "1.0"
| #define STDC_HEADERS 1
| #define HAVE_SYS_TYPES_H 1
| #define HAVE_SYS_STAT_H 1
| #define HAVE_STDLIB_H 1
| #define HAVE_STRING_H 1
| #define HAVE_MEMORY_H 1
| #define HAVE_STRINGS_H 1
| #define HAVE_INTTYPES_H 1
| #define HAVE_STDINT_H 1
| #define HAVE_UNISTD_H 1
| #define HAVE_STDINT_H 1
| #define HAVE_STDLIB_H 1
| #define HAVE_STRING_H 1
| /* end confdefs.h.  */
| #include <stdio.h>
| #ifdef HAVE_SYS_TYPES_H
| # include <sys/types.h>
| #endif
| #ifdef HAVE_SYS_STAT_H
| # include <sys/stat.h>
| #endif
| #ifdef STDC_HEADERS
| # include <stdlib.h>
| # include <stddef.h>
| #else
| # ifdef HAVE_STDLIB_H
| #  include <stdlib.h>
| # endif
| #endif
| #ifdef HAVE_STRING_H
| # if !defined STDC_HEADERS && defined HAVE_MEMORY_H
| #  include <memory.h>
| # endif
| # include <string.h>
| #endif
| #ifdef HAVE_STRINGS_H
| # include <strings.h>
| #endif
| #ifdef HAVE_INTTYPES_H
| # include <inttypes.h>
| #endif
| #ifdef HAVE_STDINT_H
| # include <stdint.h>
| #endif
| #ifdef HAVE_UNISTD_H
| # include <unistd.h>
| #endif
| int
| main ()
| {
| if (sizeof ((size_t)))
| 	    return 0;
|   ;
|   return 0;
| }
configure:4207: result: yes
configure:4218: checking for ssize_t
configure:4218: gcc -c -g -O2  conftest.c >&5
configure:4218: $? = 0
configure:4218: gcc -c -g -O2  conftest.c >&5
conftest.c:60:22: error: expected expression
if (sizeof ((ssize_t)))
                     ^
1 error generated.
configure:4218: $? = 1
configure: failed program was:
| /* confdefs.h */
| #define PACKAGE_NAME "amrepl"
| #define PACKAGE_TARNAME "amrepl"
| #define PACKAGE_VERSION "1.0"
| #define PACKAGE_STRING "amrepl 1.0"
| #define PACKAGE_BUGREPORT "453479002@qq.com"
| #define PACKAGE_URL ""
| #define PACKAGE "amrepl"
| #define VERSION "1.0"
| #define STDC_HEADERS 1
| #define HAVE_SYS_TYPES_H 1
| #define HAVE_SYS_STAT_H 1
| #define HAVE_STDLIB_H 1
| #define HAVE_STRING_H 1
| #define HAVE_MEMORY_H 1
| #define HAVE_STRINGS_H 1
| #define HAVE_INTTYPES_H 1
| #define HAVE_STDINT_H 1
| #define HAVE_UNISTD_H 1
| #define HAVE_STDINT_H 1
| #define HAVE_STDLIB_H 1
| #define HAVE_STRING_H 1
| /* end confdefs.h.  */
| #include <stdio.h>
| #ifdef HAVE_SYS_TYPES_H
| # include <sys/types.h>
| #endif
| #ifdef HAVE_SYS_STAT_H
| # include <sys/stat.h>
| #endif
| #ifdef STDC_HEADERS
| # include <stdlib.h>
| # include <stddef.h>
| #else
| # ifdef HAVE_STDLIB_H
| #  include <stdlib.h>
| # endif
| #endif
| #ifdef HAVE_STRING_H
| # if !defined STDC_HEADERS && defined HAVE_MEMORY_H
| #  include <memory.h>
| # endif
| # include <string.h>
| #endif
| #ifdef HAVE_STRINGS_H
| # include <strings.h>
| #endif
| #ifdef HAVE_INTTYPES_H
| # include <inttypes.h>
| #endif
| #ifdef HAVE_STDINT_H
| # include <stdint.h>
| #endif
| #ifdef HAVE_UNISTD_H
| # include <unistd.h>
| #endif
| int
| main ()
| {
| if (sizeof ((ssize_t)))
| 	    return 0;
|   ;
|   return 0;
| }
configure:4218: result: yes
configure:4229: checking for stdbool.h that conforms to C99
configure:4296: gcc -c -g -O2  conftest.c >&5
conftest.c:73:24: warning: address of 's' will always evaluate to 'true' [-Wpointer-bool-conversion]
             bool e = &s;
                  ~    ^
conftest.c:77:23: warning: address of array 'a' will always evaluate to 'true' [-Wpointer-bool-conversion]
             return (!a + !b + !c + !d + !e + !f + !g + !h + !i + !!j + !k + !!l
                     ~^
conftest.c:77:28: warning: address of array 'b' will always evaluate to 'true' [-Wpointer-bool-conversion]
             return (!a + !b + !c + !d + !e + !f + !g + !h + !i + !!j + !k + !!l
                          ~^
conftest.c:77:33: warning: address of array 'c' will always evaluate to 'true' [-Wpointer-bool-conversion]
             return (!a + !b + !c + !d + !e + !f + !g + !h + !i + !!j + !k + !!l
                               ~^
conftest.c:77:38: warning: address of array 'd' will always evaluate to 'true' [-Wpointer-bool-conversion]
             return (!a + !b + !c + !d + !e + !f + !g + !h + !i + !!j + !k + !!l
                                    ~^
conftest.c:77:48: warning: address of array 'f' will always evaluate to 'true' [-Wpointer-bool-conversion]
             return (!a + !b + !c + !d + !e + !f + !g + !h + !i + !!j + !k + !!l
                                              ~^
conftest.c:77:53: warning: address of array 'g' will always evaluate to 'true' [-Wpointer-bool-conversion]
             return (!a + !b + !c + !d + !e + !f + !g + !h + !i + !!j + !k + !!l
                                                   ~^
conftest.c:77:58: warning: address of array 'h' will always evaluate to 'true' [-Wpointer-bool-conversion]
             return (!a + !b + !c + !d + !e + !f + !g + !h + !i + !!j + !k + !!l
                                                        ~^
conftest.c:77:63: warning: address of array 'i' will always evaluate to 'true' [-Wpointer-bool-conversion]
             return (!a + !b + !c + !d + !e + !f + !g + !h + !i + !!j + !k + !!l
                                                             ~^
conftest.c:78:30: warning: address of array 'n' will always evaluate to 'true' [-Wpointer-bool-conversion]
                            ~^
conftest.c:78:35: warning: address of array 'o' will always evaluate to 'true' [-Wpointer-bool-conversion]
                                 ~^
conftest.c:78:40: warning: address of array 'p' will always evaluate to 'true' [-Wpointer-bool-conversion]
                                      ~^
12 warnings generated.
configure:4296: $? = 0
configure:4303: result: yes
configure:4305: checking for _Bool
configure:4305: gcc -c -g -O2  conftest.c >&5
configure:4305: $? = 0
configure:4305: gcc -c -g -O2  conftest.c >&5
conftest.c:60:20: error: expected expression
if (sizeof ((_Bool)))
                   ^
1 error generated.
configure:4305: $? = 1
configure: failed program was:
| /* confdefs.h */
| #define PACKAGE_NAME "amrepl"
| #define PACKAGE_TARNAME "amrepl"
| #define PACKAGE_VERSION "1.0"
| #define PACKAGE_STRING "amrepl 1.0"
| #define PACKAGE_BUGREPORT "453479002@qq.com"
| #define PACKAGE_URL ""
| #define PACKAGE "amrepl"
| #define VERSION "1.0"
| #define STDC_HEADERS 1
| #define HAVE_SYS_TYPES_H 1
| #define HAVE_SYS_STAT_H 1
| #define HAVE_STDLIB_H 1
| #define HAVE_STRING_H 1
| #define HAVE_MEMORY_H 1
| #define HAVE_STRINGS_H 1
| #define HAVE_INTTYPES_H 1
| #define HAVE_STDINT_H 1
| #define HAVE_UNISTD_H 1
| #define HAVE_STDINT_H 1
| #define HAVE_STDLIB_H 1
| #define HAVE_STRING_H 1
| /* end confdefs.h.  */
| #include <stdio.h>
| #ifdef HAVE_SYS_TYPES_H
| # include <sys/types.h>
| #endif
| #ifdef HAVE_SYS_STAT_H
| # include <sys/stat.h>
| #endif
| #ifdef STDC_HEADERS
| # include <stdlib.h>
| # include <stddef.h>
| #else
| # ifdef HAVE_STDLIB_H
| #  include <stdlib.h>
| # endif
| #endif
| #ifdef HAVE_STRING_H
| # if !defined STDC_HEADERS && defined HAVE_MEMORY_H
| #  include <memory.h>
| # endif
| # include <string.h>
| #endif
| #ifdef HAVE_STRINGS_H
| # include <strings.h>
| #endif
| #ifdef HAVE_INTTYPES_H
| # include <inttypes.h>
| #endif
| #ifdef HAVE_STDINT_H
| # include <stdint.h>
| #endif
| #ifdef HAVE_UNISTD_H
| # include <unistd.h>
| #endif
| int
| main ()
| {
| if (sizeof ((_Bool)))
| 	    return 0;
|   ;
|   return 0;
| }
configure:4305: result: yes
configure:4316: checking for uint32_t
configure:4316: gcc -c -g -O2  conftest.c >&5
configure:4316: $? = 0
configure:4316: result: yes
configure:4334: checking for stdlib.h
configure:4334: result: yes
configure:4344: checking for GNU libc compatible malloc
configure:4368: gcc -o conftest -g -O2   conftest.c  >&5
configure:4368: $? = 0
configure:4368: ./conftest
configure:4368: $? = 0
configure:4378: result: yes
configure:4513: checking that generated files are newer than configure
configure:4519: result: done
configure:4542: creating ./config.status

## ---------------------- ##
## Running config.status. ##
## ---------------------- ##

This file was extended by amrepl config.status 1.0, which was
generated by GNU Autoconf 2.69.  Invocation command line was

  CONFIG_FILES    = 
  CONFIG_HEADERS  = 
  CONFIG_LINKS    = 
  CONFIG_COMMANDS = 
  $ ./config.status 

on weijiedembp

config.status:859: creating src/Makefile
config.status:859: creating Makefile
config.status:859: creating config.h
config.status:1088: executing depfiles commands
config.status:1165: cd src       && sed -e '/# am--include-marker/d' Makefile         | make -f - am--depfiles
config.status:1170: $? = 0

## ---------------- ##
## Cache variables. ##
## ---------------- ##

ac_cv_c_compiler_gnu=yes
ac_cv_c_uint32_t=yes
ac_cv_env_CC_set=
ac_cv_env_CC_value=
ac_cv_env_CFLAGS_set=
ac_cv_env_CFLAGS_value=
ac_cv_env_CPPFLAGS_set=
ac_cv_env_CPPFLAGS_value=
ac_cv_env_CPP_set=
ac_cv_env_CPP_value=
ac_cv_env_LDFLAGS_set=
ac_cv_env_LDFLAGS_value=
ac_cv_env_LIBS_set=
ac_cv_env_LIBS_value=
ac_cv_env_build_alias_set=
ac_cv_env_build_alias_value=
ac_cv_env_host_alias_set=
ac_cv_env_host_alias_value=
ac_cv_env_target_alias_set=
ac_cv_env_target_alias_value=
ac_cv_func_malloc_0_nonnull=yes
ac_cv_header_inttypes_h=yes
ac_cv_header_memory_h=yes
ac_cv_header_stdbool_h=yes
ac_cv_header_stdc=yes
ac_cv_header_stdint_h=yes
ac_cv_header_stdlib_h=yes
ac_cv_header_string_h=yes
ac_cv_header_strings_h=yes
ac_cv_header_sys_stat_h=yes
ac_cv_header_sys_types_h=yes
ac_cv_header_unistd_h=yes
ac_cv_objext=o
ac_cv_path_EGREP='/usr/bin/grep -E'
ac_cv_path_GREP=/usr/bin/grep
ac_cv_path_install='/usr/bin/install -c'
ac_cv_prog_AWK=awk
ac_cv_prog_CPP='gcc -E'
ac_cv_prog_ac_ct_CC=gcc
ac_cv_prog_cc_c89=
ac_cv_prog_cc_g=yes
ac_cv_prog_make_make_set=yes
ac_cv_type__Bool=yes
ac_cv_type_size_t=yes
ac_cv_type_ssize_t=yes
am_cv_CC_dependencies_compiler_type=gcc3
am_cv_make_support_nested_variables=yes
am_cv_prog_cc_c_o=yes

## ----------------- ##
## Output variables. ##
## ----------------- ##

ACLOCAL='${SHELL} /Users/weijiezhu/Documents/cpp/project/repl/missing aclocal-1.16'
AMDEPBACKSLASH='\'
AMDEP_FALSE='#'
AMDEP_TRUE=''
AMTAR='$${TAR-tar}'
AM_BACKSLASH='\'
AM_DEFAULT_V='$(AM_DEFAULT_VERBOSITY)'
AM_DEFAULT_VERBOSITY='1'
AM_V='$(V)'
AUTOCONF='${SHELL} /Users/weijiezhu/Documents/cpp/project/repl/missing autoconf'
AUTOHEADER='${SHELL} /Users/weijiezhu/Documents/cpp/project/repl/missing autoheader'
AUTOMAKE='${SHELL} /Users/weijiezhu/Documents/cpp/project/repl/missing automake-1.16'
AWK='awk'
CC='gcc'
CCDEPMODE='depmode=gcc3'
CFLAGS='-g -O2'
CPP='gcc -E'
CPPFLAGS=''
CYGPATH_W='echo'
DEFS='-DHAVE_CONFIG_H'
DEPDIR='.deps'
ECHO_C='\c'
ECHO_N=''
ECHO_T=''
EGREP='/usr/bin/grep -E'
EXEEXT=''
GREP='/usr/bin/grep'
INSTALL_DATA='${INSTALL} -m 644'
INSTALL_PROGRAM='${INSTALL}'
INSTALL_SCRIPT='${INSTALL}'
INSTALL_STRIP_PROGRAM='$(install_sh) -c -s'
LDFLAGS=''
LIBOBJS=''
LIBS=''
LTLIBOBJS=''
MAKEINFO='${SHELL} /Users/weijiezhu/Documents/cpp/project/repl/missing makeinfo'
MKDIR_P='./install-sh -c -d'
OBJEXT='o'
PACKAGE='amrepl'
PACKAGE_BUGREPORT='453479002@qq.com'
PACKAGE_NAME='amrepl'
PACKAGE_STRING='amrepl 1.0'
PACKAGE_TARNAME='amrepl'
PACKAGE_URL=''
PACKAGE_VERSION='1.0'
PATH_SEPARATOR=':'
SET_MAKE=''
SHELL='/bin/sh'
STRIP=''
VERSION='1.0'
ac_ct_CC='gcc'
am__EXEEXT_FALSE=''
am__EXEEXT_TRUE='#'
am__fastdepCC_FALSE='#'
am__fastdepCC_TRUE=''
am__include='include'
am__isrc=''
am__leading_dot='.'
am__nodep='_no'
am__quote=''
am__tar='$${TAR-tar} chof - "$$tardir"'
am__untar='$${TAR-tar} xf -'
bindir='${exec_prefix}/bin'
build_alias=''
datadir='${datarootdir}'
datarootdir='${prefix}/share'
docdir='${datarootdir}/doc/${PACKAGE_TARNAME}'
dvidir='${docdir}'
exec_prefix='${prefix}'
host_alias=''
htmldir='${docdir}'
includedir='${prefix}/include'
infodir='${datarootdir}/info'
install_sh='${SHELL} /Users/weijiezhu/Documents/cpp/project/repl/install-sh'
libdir='${exec_prefix}/lib'
libexecdir='${exec_prefix}/libexec'
localedir='${datarootdir}/locale'
localstatedir='${prefix}/var'
mandir='${datarootdir}/man'
mkdir_p='$(MKDIR_P)'
oldincludedir='/usr/include'
pdfdir='${docdir}'
prefix='/usr/local'
program_transform_name='s,x,x,'
psdir='${docdir}'
sbindir='${exec_prefix}/sbin'
sharedstatedir='${prefix}/com'
sysconfdir='${prefix}/etc'
target_alias=''

## ----------- ##
## confdefs.h. ##
## ----------- ##

/* confdefs.h */
#define PACKAGE_NAME "amrepl"
#define PACKAGE_TARNAME "amrepl"
#define PACKAGE_VERSION "1.0"
#define PACKAGE_STRING "amrepl 1.0"
#define PACKAGE_BUGREPORT "453479002@qq.com"
#define PACKAGE_URL ""
#define PACKAGE "amrepl"
#define VERSION "1.0"
#define STDC_HEADERS 1
#define HAVE_SYS_TYPES_H 1
#define HAVE_SYS_STAT_H 1
#define HAVE_STDLIB_H 1
#define HAVE_STRING_H 1
#define HAVE_MEMORY_H 1
#define HAVE_STRINGS_H 1
#define HAVE_INTTYPES_H 1
#define HAVE_STDINT_H 1
#define HAVE_UNISTD_H 1
#define HAVE_STDINT_H 1
#define HAVE_STDLIB_H 1
#define HAVE_STRING_H 1
#define HAVE__BOOL 1
#define HAVE_STDLIB_H 1
#define HAVE_MALLOC 1

configure: exit 0
